2023-06-30 23:12:13,359 : INFO : Test_LoginPage : test_correct_URL_001 : checking if URL is correct. :
2023-06-30 23:12:13,370 : INFO : Test_LoginPage : test_correct_URL_001 : URL is correct, Test Passed. :
2023-06-30 23:12:13,518 : INFO : Test_LoginPage : test_correct_URL_001 : Test 'test_correct_URL_001' completed :
2023-06-30 23:12:17,639 : INFO : Test_LoginPage : test_Correct_login_002 : click Login option :
2023-06-30 23:12:22,169 : INFO : Test_LoginPage : test_Correct_login_002 : Enter Email id. :
2023-06-30 23:12:22,250 : INFO : Test_LoginPage : test_Correct_login_002 : Enter password. :
2023-06-30 23:12:22,321 : INFO : Test_LoginPage : test_Correct_login_002 : Click 'Remember me' box. :
2023-06-30 23:12:22,373 : INFO : Test_LoginPage : test_Correct_login_002 : Click Login Button. :
2023-06-30 23:12:23,001 : INFO : Test_LoginPage : test_Correct_login_002 : Test 'test_Correct_login_002' completed :
2023-07-01 09:53:41,632 : INFO : Test_LoginPage : test_correct_URL_001 : checking if URL is correct.
2023-07-01 09:53:41,641 : INFO : Test_LoginPage : test_correct_URL_001 : URL is correct, Test Passed.
2023-07-01 09:53:41,800 : INFO : Test_LoginPage : test_correct_URL_001 : Test 'test_correct_URL_001' completed
2023-07-01 09:53:46,308 : INFO : Test_LoginPage : test_Correct_login_002 : click Login option
2023-07-01 09:53:50,729 : INFO : Test_LoginPage : test_Correct_login_002 : Enter Email id.
2023-07-01 09:53:50,837 : INFO : Test_LoginPage : test_Correct_login_002 : Enter password.
2023-07-01 09:53:50,920 : INFO : Test_LoginPage : test_Correct_login_002 : Click 'Remember me' box.
2023-07-01 09:53:50,976 : INFO : Test_LoginPage : test_Correct_login_002 : Click Login Button.
2023-07-01 09:53:51,587 : INFO : Test_LoginPage : test_Correct_login_002 : Test 'test_Correct_login_002' completed
2023-07-01 09:53:55,515 : INFO : Test_regi : test_register : click REGISTER Option.
2023-07-01 09:53:56,300 : INFO : Test_regi : test_register : click GENGER Option.
2023-07-01 09:53:56,538 : INFO : Test_regi : test_register : Enter First_Name Option.
2023-07-01 09:53:56,620 : INFO : Test_regi : test_register : Enter Last_Name Option.
2023-07-01 09:53:56,712 : INFO : Test_regi : test_register : Select Date Option.
2023-07-01 09:53:56,792 : INFO : Test_regi : test_register : Select Month Option.
2023-07-01 09:53:56,858 : INFO : Test_regi : test_register : Select Year Option.
2023-07-01 09:53:56,934 : INFO : Test_regi : test_register : Enter Email Option.
2023-07-01 09:53:57,048 : INFO : Test_regi : test_register : Select Company_Name Option.
2023-07-01 09:53:57,128 : INFO : Test_regi : test_register : Enter Password Option.
2023-07-01 09:53:57,207 : INFO : Test_regi : test_register : Confirm_Password Option.
2023-07-01 09:53:57,287 : INFO : Test_regi : test_register : Click Register Button.
2023-07-01 09:53:58,313 : INFO : Test_regi : test_register : Successfull Registration complete, test_register Passed.
2023-07-01 09:56:07,686 : INFO : Test_LoginPage : test_correct_URL_001 : checking if URL is correct.
2023-07-01 09:56:07,692 : INFO : Test_LoginPage : test_correct_URL_001 : URL is correct, Test Passed.
2023-07-01 09:56:07,842 : INFO : Test_LoginPage : test_correct_URL_001 : Test 'test_correct_URL_001' completed
2023-07-01 09:56:15,845 : INFO : Test_LoginPage : test_Correct_login_002 : click Login option
2023-07-01 09:56:21,941 : INFO : Test_LoginPage : test_Correct_login_002 : Enter Email id.
2023-07-01 09:56:22,026 : INFO : Test_LoginPage : test_Correct_login_002 : Enter password.
2023-07-01 09:56:22,110 : INFO : Test_LoginPage : test_Correct_login_002 : Click 'Remember me' box.
2023-07-01 09:56:22,165 : INFO : Test_LoginPage : test_Correct_login_002 : Click Login Button.
2023-07-01 09:56:23,755 : INFO : Test_LoginPage : test_Correct_login_002 : Test 'test_Correct_login_002' completed
2023-07-01 09:56:28,114 : INFO : Test_regi : test_register : click REGISTER Option.
2023-07-01 09:56:29,813 : INFO : Test_regi : test_register : click GENGER Option.
2023-07-01 09:56:29,891 : INFO : Test_regi : test_register : Enter First_Name Option.
2023-07-01 09:56:29,969 : INFO : Test_regi : test_register : Enter Last_Name Option.
2023-07-01 09:56:30,042 : INFO : Test_regi : test_register : Select Date Option.
2023-07-01 09:56:30,122 : INFO : Test_regi : test_register : Select Month Option.
2023-07-01 09:56:30,177 : INFO : Test_regi : test_register : Select Year Option.
2023-07-01 09:56:30,233 : INFO : Test_regi : test_register : Enter Email Option.
2023-07-01 09:56:30,305 : INFO : Test_regi : test_register : Select Company_Name Option.
2023-07-01 09:56:30,373 : INFO : Test_regi : test_register : Enter Password Option.
2023-07-01 09:56:30,453 : INFO : Test_regi : test_register : Confirm_Password Option.
2023-07-01 09:56:30,534 : INFO : Test_regi : test_register : Click Register Button.
2023-07-01 09:56:31,438 : INFO : Test_regi : test_register : Successfull Registration complete, test_register Passed.
2023-07-01 23:47:04,112 : INFO : Test_LoginPage : test_correct_URL_001 : checking if URL is correct.
2023-07-01 23:47:04,124 : INFO : Test_LoginPage : test_correct_URL_001 : URL is correct, Test Passed.
2023-07-01 23:47:04,242 : INFO : Test_LoginPage : test_correct_URL_001 : Test 'test_correct_URL_001' completed
2023-07-01 23:47:15,408 : INFO : Test_LoginPage : test_Correct_login_002 : click Login option
2023-07-01 23:47:20,585 : INFO : Test_LoginPage : test_Correct_login_002 : Enter Email id.
2023-07-01 23:47:20,662 : INFO : Test_LoginPage : test_Correct_login_002 : Enter password.
2023-07-01 23:47:20,720 : INFO : Test_LoginPage : test_Correct_login_002 : Click 'Remember me' box.
2023-07-01 23:47:20,764 : INFO : Test_LoginPage : test_Correct_login_002 : Click Login Button.
2023-07-01 23:47:21,266 : INFO : Test_LoginPage : test_Correct_login_002 : Test 'test_Correct_login_002' completed
2023-07-01 23:47:52,913 : INFO : Test_regi : test_register : click REGISTER Option.
2023-07-01 23:47:56,164 : INFO : Test_regi : test_register : click GENGER Option.
2023-07-01 23:47:56,384 : INFO : Test_regi : test_register : Enter First_Name Option.
2023-07-01 23:47:56,442 : INFO : Test_regi : test_register : Enter Last_Name Option.
2023-07-01 23:47:56,517 : INFO : Test_regi : test_register : Select Date Option.
2023-07-01 23:47:56,660 : INFO : Test_regi : test_register : Select Month Option.
2023-07-01 23:47:56,716 : INFO : Test_regi : test_register : Select Year Option.
2023-07-01 23:47:56,774 : INFO : Test_regi : test_register : Enter Email Option.
2023-07-01 23:47:56,840 : INFO : Test_regi : test_register : Select Company_Name Option.
2023-07-01 23:47:56,883 : INFO : Test_regi : test_register : Enter Password Option.
2023-07-01 23:47:56,935 : INFO : Test_regi : test_register : Confirm_Password Option.
2023-07-01 23:47:56,997 : INFO : Test_regi : test_register : Click Register Button.
2023-07-01 23:47:57,033 : INFO : Test_regi : test_register : Successfull Registration complete, test_register Passed.
2023-07-08 19:14:22,356 : INFO : Test_LoginPage : test_correct_URL_001 : checking if URL is correct.
2023-07-08 19:14:22,370 : INFO : Test_LoginPage : test_correct_URL_001 : URL is correct, Test Passed.
2023-07-08 19:14:22,543 : INFO : Test_LoginPage : test_correct_URL_001 : Test 'test_correct_URL_001' completed
2023-07-08 19:14:23,306 : INFO : Test_regi : test_register : click REGISTER Option.
2023-07-08 19:14:23,344 : INFO : Test_LoginPage : test_Correct_login_002 : click Login option
2023-07-08 19:14:25,333 : INFO : Test_regi : test_register : click GENGER Option.
2023-07-08 19:14:25,486 : INFO : Test_regi : test_register : Enter First_Name Option.
2023-07-08 19:14:25,585 : INFO : Test_regi : test_register : Enter Last_Name Option.
2023-07-08 19:14:25,661 : INFO : Test_regi : test_register : Select Date Option.
2023-07-08 19:14:25,777 : INFO : Test_regi : test_register : Select Month Option.
2023-07-08 19:14:25,825 : INFO : Test_regi : test_register : Select Year Option.
2023-07-08 19:14:25,872 : INFO : Test_regi : test_register : Enter Email Option.
2023-07-08 19:14:25,930 : INFO : Test_regi : test_register : Select Company_Name Option.
2023-07-08 19:14:25,980 : INFO : Test_regi : test_register : Enter Password Option.
2023-07-08 19:14:26,049 : INFO : Test_regi : test_register : Confirm_Password Option.
2023-07-08 19:14:26,138 : INFO : Test_regi : test_register : Click Register Button.
2023-07-08 19:14:26,190 : INFO : Test_regi : test_register : Successfull Registration complete, test_register Passed.
2023-07-08 19:14:28,751 : INFO : Test_LoginPage : test_Correct_login_002 : Enter Email id.
2023-07-08 19:14:28,812 : INFO : Test_LoginPage : test_Correct_login_002 : Enter password.
2023-07-08 19:14:28,883 : INFO : Test_LoginPage : test_Correct_login_002 : Click 'Remember me' box.
2023-07-08 19:14:28,939 : INFO : Test_LoginPage : test_Correct_login_002 : Click Login Button.
2023-07-08 19:14:29,551 : INFO : Test_LoginPage : test_Correct_login_002 : Test 'test_Correct_login_002' completed
2023-07-19 19:06:42,591 : INFO : Test_LoginPage : test_correct_URL_001 : checking if URL is correct.
2023-07-19 19:06:42,608 : INFO : Test_LoginPage : test_correct_URL_001 : URL is correct, Test Passed.
2023-07-19 19:06:42,650 : INFO : Test_LoginPage : test_correct_URL_001 : Test 'test_correct_URL_001' completed
2023-07-19 19:06:42,889 : INFO : Test_regi : test_register : click REGISTER Option.
2023-07-19 19:06:43,021 : INFO : Test_LoginPage : test_Correct_login_002 : click Login option
2023-07-19 19:06:44,148 : INFO : Test_regi : test_register : click GENGER Option.
2023-07-19 19:06:44,268 : INFO : Test_regi : test_register : Enter First_Name Option.
2023-07-19 19:06:44,318 : INFO : Test_regi : test_register : Enter Last_Name Option.
2023-07-19 19:06:44,362 : INFO : Test_regi : test_register : Select Date Option.
2023-07-19 19:06:44,419 : INFO : Test_regi : test_register : Select Month Option.
2023-07-19 19:06:44,463 : INFO : Test_regi : test_register : Select Year Option.
2023-07-19 19:06:44,507 : INFO : Test_regi : test_register : Enter Email Option.
2023-07-19 19:06:44,559 : INFO : Test_regi : test_register : Select Company_Name Option.
2023-07-19 19:06:44,605 : INFO : Test_regi : test_register : Enter Password Option.
2023-07-19 19:06:44,652 : INFO : Test_regi : test_register : Confirm_Password Option.
2023-07-19 19:06:44,703 : INFO : Test_regi : test_register : Click Register Button.
2023-07-19 19:06:44,740 : INFO : Test_regi : test_register : Successfull Registration complete, test_register Passed.
2023-07-19 19:06:46,570 : INFO : Test_LoginPage : test_Correct_login_002 : Enter Email id.
2023-07-19 19:06:46,653 : INFO : Test_LoginPage : test_Correct_login_002 : Enter password.
2023-07-19 19:06:46,700 : INFO : Test_LoginPage : test_Correct_login_002 : Click 'Remember me' box.
2023-07-19 19:06:46,736 : INFO : Test_LoginPage : test_Correct_login_002 : Click Login Button.
2023-07-19 19:06:47,154 : INFO : Test_LoginPage : test_Correct_login_002 : Test 'test_Correct_login_002' completed
2023-07-19 19:07:38,804 : INFO : Test_regi : test_register : click REGISTER Option.
2023-07-19 19:07:39,917 : INFO : Test_LoginPage : test_correct_URL_001 : checking if URL is correct.
2023-07-19 19:07:39,926 : INFO : Test_LoginPage : test_correct_URL_001 : URL is correct, Test Passed.
2023-07-19 19:07:39,964 : INFO : Test_LoginPage : test_Correct_login_002 : click Login option
2023-07-19 19:07:40,157 : INFO : Test_LoginPage : test_correct_URL_001 : Test 'test_correct_URL_001' completed
2023-07-19 19:07:40,685 : INFO : Test_regi : test_register : click GENGER Option.
2023-07-19 19:07:40,779 : INFO : Test_regi : test_register : Enter First_Name Option.
2023-07-19 19:07:40,855 : INFO : Test_regi : test_register : Enter Last_Name Option.
2023-07-19 19:07:40,912 : INFO : Test_regi : test_register : Select Date Option.
2023-07-19 19:07:40,986 : INFO : Test_regi : test_register : Select Month Option.
2023-07-19 19:07:41,040 : INFO : Test_regi : test_register : Select Year Option.
2023-07-19 19:07:41,113 : INFO : Test_regi : test_register : Enter Email Option.
2023-07-19 19:07:41,290 : INFO : Test_regi : test_register : Select Company_Name Option.
2023-07-19 19:07:41,396 : INFO : Test_regi : test_register : Enter Password Option.
2023-07-19 19:07:41,452 : INFO : Test_regi : test_register : Confirm_Password Option.
2023-07-19 19:07:41,514 : INFO : Test_regi : test_register : Click Register Button.
2023-07-19 19:07:41,552 : INFO : Test_regi : test_register : Successfull Registration complete, test_register Passed.
2023-07-19 19:07:44,367 : INFO : Test_LoginPage : test_Correct_login_002 : Enter Email id.
2023-07-19 19:07:44,463 : INFO : Test_LoginPage : test_Correct_login_002 : Enter password.
2023-07-19 19:07:44,524 : INFO : Test_LoginPage : test_Correct_login_002 : Click 'Remember me' box.
2023-07-19 19:07:44,573 : INFO : Test_LoginPage : test_Correct_login_002 : Click Login Button.
2023-07-19 19:07:45,012 : INFO : Test_LoginPage : test_Correct_login_002 : Test 'test_Correct_login_002' completed
2023-07-19 19:08:26,900 : INFO : Test_LoginPage : test_Correct_login_002 : click Login option
2023-07-19 19:08:27,829 : INFO : Test_regi : test_register : click REGISTER Option.
2023-07-19 19:08:28,928 : INFO : Test_regi : test_register : click GENGER Option.
2023-07-19 19:08:28,931 : INFO : Test_LoginPage : test_correct_URL_001 : checking if URL is correct.
2023-07-19 19:08:28,972 : INFO : Test_LoginPage : test_correct_URL_001 : URL is correct, Test Passed.
2023-07-19 19:08:29,458 : INFO : Test_regi : test_register : Enter First_Name Option.
2023-07-19 19:08:29,508 : INFO : Test_LoginPage : test_correct_URL_001 : Test 'test_correct_URL_001' completed
2023-07-19 19:08:29,651 : INFO : Test_regi : test_register : Enter Last_Name Option.
2023-07-19 19:08:29,926 : INFO : Test_regi : test_register : Select Date Option.
2023-07-19 19:08:30,093 : INFO : Test_regi : test_register : Select Month Option.
2023-07-19 19:08:30,200 : INFO : Test_regi : test_register : Select Year Option.
2023-07-19 19:08:30,283 : INFO : Test_regi : test_register : Enter Email Option.
2023-07-19 19:08:30,397 : INFO : Test_regi : test_register : Select Company_Name Option.
2023-07-19 19:08:30,495 : INFO : Test_regi : test_register : Enter Password Option.
2023-07-19 19:08:30,576 : INFO : Test_regi : test_register : Confirm_Password Option.
2023-07-19 19:08:30,717 : INFO : Test_regi : test_register : Click Register Button.
2023-07-19 19:08:30,728 : INFO : Test_LoginPage : test_Correct_login_002 : Enter Email id.
2023-07-19 19:08:30,795 : INFO : Test_regi : test_register : Successfull Registration complete, test_register Passed.
2023-07-19 19:08:30,846 : INFO : Test_LoginPage : test_Correct_login_002 : Enter password.
2023-07-19 19:08:30,925 : INFO : Test_LoginPage : test_Correct_login_002 : Click 'Remember me' box.
2023-07-19 19:08:30,988 : INFO : Test_LoginPage : test_Correct_login_002 : Click Login Button.
2023-07-19 19:08:31,437 : INFO : Test_LoginPage : test_Correct_login_002 : Test 'test_Correct_login_002' completed
2023-07-21 12:16:00,222 : INFO : Test_LoginPage : test_correct_URL_001 : checking if URL is correct.
2023-07-21 12:16:00,240 : INFO : Test_LoginPage : test_correct_URL_001 : URL is correct, Test Passed.
2023-07-21 12:16:03,685 : INFO : Test_LoginPage : test_Correct_login_002 : click Login option
2023-07-21 12:16:04,947 : INFO : Test_regi : test_register : click REGISTER Option.
2023-07-21 12:16:05,145 : INFO : Test_LoginPage : test_correct_URL_001 : Test 'test_correct_URL_001' completed
2023-07-21 12:16:06,409 : INFO : Test_regi : test_register : click GENGER Option.
2023-07-21 12:16:06,631 : INFO : Test_regi : test_register : Enter First_Name Option.
2023-07-21 12:16:06,793 : INFO : Test_regi : test_register : Enter Last_Name Option.
2023-07-21 12:16:07,063 : INFO : Test_regi : test_register : Select Date Option.
2023-07-21 12:16:07,441 : INFO : Test_regi : test_register : Select Month Option.
2023-07-21 12:16:07,558 : INFO : Test_regi : test_register : Select Year Option.
2023-07-21 12:16:07,684 : INFO : Test_regi : test_register : Enter Email Option.
2023-07-21 12:16:07,973 : INFO : Test_regi : test_register : Select Company_Name Option.
2023-07-21 12:16:08,107 : INFO : Test_regi : test_register : Enter Password Option.
2023-07-21 12:16:08,253 : INFO : Test_regi : test_register : Confirm_Password Option.
2023-07-21 12:16:08,451 : INFO : Test_regi : test_register : Click Register Button.
2023-07-21 12:16:08,534 : INFO : Test_regi : test_register : Successfull Registration complete, test_register Passed.
2023-07-21 12:16:08,637 : INFO : Test_LoginPage : test_Correct_login_002 : Enter Email id.
2023-07-21 12:16:08,819 : INFO : Test_LoginPage : test_Correct_login_002 : Enter password.
2023-07-21 12:16:08,989 : INFO : Test_LoginPage : test_Correct_login_002 : Click 'Remember me' box.
2023-07-21 12:16:09,069 : INFO : Test_LoginPage : test_Correct_login_002 : Click Login Button.
2023-07-21 12:16:09,582 : INFO : Test_LoginPage : test_Correct_login_002 : Test 'test_Correct_login_002' completed
2023-07-21 13:06:21,254 : INFO : Test_LoginPage : test_correct_URL_001 : checking if URL is correct.
2023-07-21 13:06:21,272 : INFO : Test_LoginPage : test_correct_URL_001 : URL is correct, Test Passed.
2023-07-21 13:06:21,302 : INFO : Test_LoginPage : test_correct_URL_001 : Test 'test_correct_URL_001' completed
2023-07-21 13:06:21,937 : INFO : Test_regi : test_register : click REGISTER Option.
2023-07-21 13:06:22,257 : INFO : Test_LoginPage : test_Correct_login_002 : click Login option
2023-07-21 13:06:22,468 : INFO : Test_regi : test_register : click GENGER Option.
2023-07-21 13:06:22,535 : INFO : Test_regi : test_register : Enter First_Name Option.
2023-07-21 13:06:22,587 : INFO : Test_regi : test_register : Enter Last_Name Option.
2023-07-21 13:06:22,633 : INFO : Test_regi : test_register : Select Date Option.
2023-07-21 13:06:22,699 : INFO : Test_regi : test_register : Select Month Option.
2023-07-21 13:06:22,748 : INFO : Test_regi : test_register : Select Year Option.
2023-07-21 13:06:22,802 : INFO : Test_regi : test_register : Enter Email Option.
2023-07-21 13:06:22,859 : INFO : Test_regi : test_register : Select Company_Name Option.
2023-07-21 13:06:22,914 : INFO : Test_regi : test_register : Enter Password Option.
2023-07-21 13:06:22,964 : INFO : Test_regi : test_register : Confirm_Password Option.
2023-07-21 13:06:23,029 : INFO : Test_regi : test_register : Click Register Button.
2023-07-21 13:06:23,065 : INFO : Test_regi : test_register : Successfull Registration complete, test_register Passed.
2023-07-21 13:06:26,490 : INFO : Test_LoginPage : test_Correct_login_002 : Enter Email id.
2023-07-21 13:06:26,551 : INFO : Test_LoginPage : test_Correct_login_002 : Enter password.
2023-07-21 13:06:26,599 : INFO : Test_LoginPage : test_Correct_login_002 : Click 'Remember me' box.
2023-07-21 13:06:26,638 : INFO : Test_LoginPage : test_Correct_login_002 : Click Login Button.
2023-07-21 13:06:27,042 : INFO : Test_LoginPage : test_Correct_login_002 : Test 'test_Correct_login_002' completed
2023-07-21 13:46:50,690 : INFO : Test_LoginPage : test_correct_URL_001 : checking if URL is correct.
2023-07-21 13:46:50,846 : INFO : Test_LoginPage : test_correct_URL_001 : URL is correct, Test Passed.
2023-07-21 13:46:51,177 : INFO : Test_LoginPage : test_Correct_login_002 : click Login option
2023-07-21 13:46:51,929 : INFO : Test_regi : test_register : click REGISTER Option.
2023-07-21 13:46:52,084 : INFO : Test_LoginPage : test_correct_URL_001 : Test 'test_correct_URL_001' completed
2023-07-21 13:46:52,824 : INFO : Test_regi : test_register : click GENGER Option.
2023-07-21 13:46:52,924 : INFO : Test_regi : test_register : Enter First_Name Option.
2023-07-21 13:46:53,028 : INFO : Test_regi : test_register : Enter Last_Name Option.
2023-07-21 13:46:53,131 : INFO : Test_regi : test_register : Select Date Option.
2023-07-21 13:46:53,215 : INFO : Test_regi : test_register : Select Month Option.
2023-07-21 13:46:53,273 : INFO : Test_regi : test_register : Select Year Option.
2023-07-21 13:46:53,323 : INFO : Test_regi : test_register : Enter Email Option.
2023-07-21 13:46:53,390 : INFO : Test_regi : test_register : Select Company_Name Option.
2023-07-21 13:46:53,437 : INFO : Test_regi : test_register : Enter Password Option.
2023-07-21 13:46:53,500 : INFO : Test_regi : test_register : Confirm_Password Option.
2023-07-21 13:46:53,571 : INFO : Test_regi : test_register : Click Register Button.
2023-07-21 13:46:53,607 : INFO : Test_regi : test_register : Successfull Registration complete, test_register Passed.
2023-07-21 13:46:55,530 : INFO : Test_LoginPage : test_Correct_login_002 : Enter Email id.
2023-07-21 13:46:55,609 : INFO : Test_LoginPage : test_Correct_login_002 : Enter password.
2023-07-21 13:46:55,666 : INFO : Test_LoginPage : test_Correct_login_002 : Click 'Remember me' box.
2023-07-21 13:46:55,709 : INFO : Test_LoginPage : test_Correct_login_002 : Click Login Button.
2023-07-21 13:46:56,140 : INFO : Test_LoginPage : test_Correct_login_002 : Test 'test_Correct_login_002' completed
2023-07-21 15:57:37,151 : INFO : Test_LoginPage : test_Correct_login_002 : click Login option
2023-07-21 15:57:40,882 : INFO : Test_LoginPage : test_Correct_login_002 : Enter Email id.
2023-07-21 15:57:41,071 : INFO : Test_LoginPage : test_Correct_login_002 : Enter password.
2023-07-21 15:57:41,222 : INFO : Test_LoginPage : test_Correct_login_002 : Click 'Remember me' box.
2023-07-21 15:57:41,344 : INFO : Test_LoginPage : test_Correct_login_002 : Click Login Button.
2023-07-21 15:57:42,100 : INFO : Test_LoginPage : test_Correct_login_002 : Test 'test_Correct_login_002' completed
2023-07-21 15:58:13,246 : INFO : Test_LoginPage : test_Correct_login_002 : click Login option
2023-07-21 15:58:16,862 : INFO : Test_LoginPage : test_Correct_login_002 : Enter Email id.
2023-07-21 15:58:17,097 : INFO : Test_LoginPage : test_Correct_login_002 : Enter password.
2023-07-21 15:58:17,295 : INFO : Test_LoginPage : test_Correct_login_002 : Click 'Remember me' box.
2023-07-21 15:58:17,461 : INFO : Test_LoginPage : test_Correct_login_002 : Click Login Button.
2023-07-21 15:58:18,192 : INFO : Test_LoginPage : test_Correct_login_002 : Test 'test_Correct_login_002' completed
2023-07-21 15:59:10,177 : INFO : Test_LoginPage : test_Correct_login_002 : click Login option
2023-07-21 15:59:15,090 : INFO : Test_LoginPage : test_Correct_login_002 : Enter Email id.
2023-07-21 15:59:15,267 : INFO : Test_LoginPage : test_Correct_login_002 : Enter password.
2023-07-21 15:59:15,348 : INFO : Test_LoginPage : test_Correct_login_002 : Click 'Remember me' box.
2023-07-21 15:59:15,412 : INFO : Test_LoginPage : test_Correct_login_002 : Click Login Button.
2023-07-21 15:59:16,279 : INFO : Test_LoginPage : test_Correct_login_002 : Test 'test_Correct_login_002' completed
2023-07-21 16:00:09,629 : INFO : Test_LoginPage : test_Correct_login_002 : click Login option
2023-07-21 16:00:13,394 : INFO : Test_LoginPage : test_Correct_login_002 : Enter Email id.
2023-07-21 16:00:13,606 : INFO : Test_LoginPage : test_Correct_login_002 : Enter password.
2023-07-21 16:00:13,807 : INFO : Test_LoginPage : test_Correct_login_002 : Click 'Remember me' box.
2023-07-21 16:00:13,952 : INFO : Test_LoginPage : test_Correct_login_002 : Click Login Button.
2023-07-21 16:00:14,700 : INFO : Test_LoginPage : test_Correct_login_002 : Test 'test_Correct_login_002' completed
2023-07-21 16:03:11,626 : INFO : Test_regi : test_register : click REGISTER Option.
2023-07-21 16:03:13,130 : INFO : Test_regi : test_register : click GENGER Option.
2023-07-21 16:03:13,540 : INFO : Test_regi : test_register : Enter First_Name Option.
2023-07-21 16:03:13,683 : INFO : Test_regi : test_register : Enter Last_Name Option.
2023-07-21 16:03:13,843 : INFO : Test_regi : test_register : Select Date Option.
2023-07-21 16:03:14,052 : INFO : Test_regi : test_register : Select Month Option.
2023-07-21 16:03:14,226 : INFO : Test_regi : test_register : Select Year Option.
2023-07-21 16:03:14,398 : INFO : Test_regi : test_register : Enter Email Option.
2023-07-21 16:03:14,599 : INFO : Test_regi : test_register : Select Company_Name Option.
2023-07-21 16:03:14,770 : INFO : Test_regi : test_register : Enter Password Option.
2023-07-21 16:03:14,947 : INFO : Test_regi : test_register : Confirm_Password Option.
2023-07-21 16:03:15,131 : INFO : Test_regi : test_register : Click Register Button.
2023-07-21 16:03:15,282 : INFO : Test_regi : test_register : Successfull Registration complete, test_register Passed.
2023-07-21 16:05:13,740 : INFO : Test_regi : test_Correct_login_002 : click Login option
2023-07-21 16:05:53,805 : INFO : Test_regi : test_Correct_login_002 : click Login option
2023-07-21 16:05:57,610 : INFO : Test_regi : test_Correct_login_002 : Enter Email id.
2023-07-21 16:07:11,113 : INFO : Test_regi : test_Correct_login_002 : click Login option
2023-07-21 16:07:15,637 : INFO : Test_regi : test_Correct_login_002 : Enter Email id.
2023-07-21 16:07:15,821 : INFO : Test_regi : test_Correct_login_002 : Enter password.
2023-07-21 16:07:15,975 : INFO : Test_regi : test_Correct_login_002 : Click 'Remember me' box.
2023-07-21 16:07:16,069 : INFO : Test_regi : test_Correct_login_002 : Click Login Button.
2023-07-21 16:07:17,386 : INFO : Test_regi : test_Correct_login_002 : Test 'test_Correct_login_002' completed
2023-07-21 16:10:36,845 : INFO : Test_regi : test_register : click REGISTER Option.
2023-07-21 16:10:38,351 : INFO : Test_regi : test_register : click GENGER Option.
2023-07-21 16:10:38,574 : INFO : Test_regi : test_register : Enter First_Name Option.
2023-07-21 16:10:38,766 : INFO : Test_regi : test_register : Enter Last_Name Option.
2023-07-21 16:10:38,956 : INFO : Test_regi : test_register : Select Date Option.
2023-07-21 16:10:39,166 : INFO : Test_regi : test_register : Select Month Option.
2023-07-21 16:10:39,336 : INFO : Test_regi : test_register : Select Year Option.
2023-07-21 16:10:39,507 : INFO : Test_regi : test_register : Enter Email Option.
2023-07-21 16:10:39,708 : INFO : Test_regi : test_register : Select Company_Name Option.
2023-07-21 16:10:39,871 : INFO : Test_regi : test_register : Enter Password Option.
2023-07-21 16:10:40,034 : INFO : Test_regi : test_register : Confirm_Password Option.
2023-07-21 16:10:40,216 : INFO : Test_regi : test_register : Click Register Button.
2023-07-21 16:10:40,360 : INFO : Test_regi : test_register : Successfull Registration complete, test_register Passed.
2023-07-21 16:10:44,609 : INFO : Test_regi : test_Correct_login_002 : click Login option
2023-07-21 16:10:49,005 : INFO : Test_regi : test_Correct_login_002 : Enter Email id.
2023-07-21 16:10:49,101 : INFO : Test_regi : test_Correct_login_002 : Enter password.
2023-07-21 16:10:49,200 : INFO : Test_regi : test_Correct_login_002 : Click 'Remember me' box.
2023-07-21 16:10:49,259 : INFO : Test_regi : test_Correct_login_002 : Click Login Button.
2023-07-21 16:10:49,868 : INFO : Test_regi : test_Correct_login_002 : Test 'test_Correct_login_002' completed
2023-07-21 16:12:33,189 : INFO : Test_regi : test_register : click REGISTER Option.
2023-07-21 16:12:34,727 : INFO : Test_regi : test_register : click GENGER Option.
2023-07-21 16:12:34,939 : INFO : Test_regi : test_register : Enter First_Name Option.
2023-07-21 16:12:35,138 : INFO : Test_regi : test_register : Enter Last_Name Option.
2023-07-21 16:12:35,218 : INFO : Test_regi : test_register : Select Date Option.
2023-07-21 16:12:35,310 : INFO : Test_regi : test_register : Select Month Option.
2023-07-21 16:12:35,480 : INFO : Test_regi : test_register : Select Year Option.
2023-07-21 16:12:35,659 : INFO : Test_regi : test_register : Enter Email Option.
2023-07-21 16:12:35,880 : INFO : Test_regi : test_register : Select Company_Name Option.
2023-07-21 16:12:36,023 : INFO : Test_regi : test_register : Enter Password Option.
2023-07-21 16:12:36,185 : INFO : Test_regi : test_register : Confirm_Password Option.
2023-07-21 16:12:36,373 : INFO : Test_regi : test_register : Click Register Button.
2023-07-21 16:12:36,544 : INFO : Test_regi : test_register : Successfull Registration complete, test_register Passed.
2023-07-21 16:14:23,221 : INFO : Test_regi : test_register : click REGISTER Option.
2023-07-21 16:14:24,823 : INFO : Test_regi : test_register : click GENGER Option.
2023-07-21 16:14:25,049 : INFO : Test_regi : test_register : Enter First_Name Option.
2023-07-21 16:14:25,264 : INFO : Test_regi : test_register : Enter Last_Name Option.
2023-07-21 16:14:25,461 : INFO : Test_regi : test_register : Select Date Option.
2023-07-21 16:14:25,683 : INFO : Test_regi : test_register : Select Month Option.
2023-07-21 16:14:25,866 : INFO : Test_regi : test_register : Select Year Option.
2023-07-21 16:14:26,050 : INFO : Test_regi : test_register : Enter Email Option.
2023-07-21 16:14:26,271 : INFO : Test_regi : test_register : Select Company_Name Option.
2023-07-21 16:14:26,443 : INFO : Test_regi : test_register : Enter Password Option.
2023-07-21 16:14:26,615 : INFO : Test_regi : test_register : Confirm_Password Option.
2023-07-21 16:14:26,791 : INFO : Test_regi : test_register : Click Register Button.
2023-07-21 16:14:26,932 : INFO : Test_regi : test_register : Successfull Registration complete, test_register Passed.
2023-07-21 16:16:29,071 : INFO : Test_regi : test_register : click REGISTER Option.
2023-07-21 16:16:29,799 : INFO : Test_regi : test_register : click GENGER Option.
2023-07-21 16:16:30,031 : INFO : Test_regi : test_register : Enter First_Name Option.
2023-07-21 16:16:30,245 : INFO : Test_regi : test_register : Enter Last_Name Option.
2023-07-21 16:16:30,425 : INFO : Test_regi : test_register : Select Date Option.
2023-07-21 16:16:30,602 : INFO : Test_regi : test_register : Select Month Option.
2023-07-21 16:16:30,797 : INFO : Test_regi : test_register : Select Year Option.
2023-07-21 16:16:30,984 : INFO : Test_regi : test_register : Enter Email Option.
2023-07-21 16:16:31,194 : INFO : Test_regi : test_register : Select Company_Name Option.
2023-07-21 16:16:31,373 : INFO : Test_regi : test_register : Enter Password Option.
2023-07-21 16:16:31,563 : INFO : Test_regi : test_register : Confirm_Password Option.
2023-07-21 16:16:31,748 : INFO : Test_regi : test_register : Click Register Button.
2023-07-21 16:16:32,851 : INFO : Test_regi : test_register : Successfull Registration complete, test_register Passed.
2023-07-21 16:17:03,971 : INFO : Test_regi : test_Correct_login_002 : click Login option
2023-07-21 16:17:07,873 : INFO : Test_regi : test_Correct_login_002 : Enter Email id.
2023-07-21 16:17:08,047 : INFO : Test_regi : test_Correct_login_002 : Enter password.
2023-07-21 16:17:08,224 : INFO : Test_regi : test_Correct_login_002 : Click 'Remember me' box.
2023-07-21 16:17:08,300 : INFO : Test_regi : test_Correct_login_002 : Click Login Button.
2023-07-21 16:17:09,313 : INFO : Test_regi : test_Correct_login_002 : Test 'test_Correct_login_002' completed
2023-07-21 20:36:04,977 : INFO : Test_regi : test_Correct_login_002 : click Login option
2023-07-21 20:36:08,811 : INFO : Test_regi : test_Correct_login_002 : Enter Email id.
2023-07-21 20:36:09,031 : INFO : Test_regi : test_Correct_login_002 : Enter password.
2023-07-21 20:36:09,185 : INFO : Test_regi : test_Correct_login_002 : Click 'Remember me' box.
2023-07-21 20:36:09,314 : INFO : Test_regi : test_Correct_login_002 : Click Login Button.
2023-07-21 20:36:09,998 : INFO : Test_regi : test_Correct_login_002 : Test 'test_Correct_login_002' completed
2023-07-22 12:56:46,799 : INFO : Test_LoginPage : test_params004 : Checking if login is successfull.
2023-07-22 12:56:46,811 : INFO : Test_LoginPage : test_params004 : Login Successful, Test Passed
2023-07-22 12:56:54,424 : INFO : Test_LoginPage : test_params004 : Checking if login is unsuccessful.
2023-07-22 12:57:02,116 : INFO : Test_LoginPage : test_params004 : Checking if login is unsuccessful.
2023-07-22 12:57:11,889 : INFO : Test_LoginPage : test_params004 : Checking if login is unsuccessful.
2023-07-22 13:05:41,703 : INFO : Test_regi : test_register : click REGISTER Option.
2023-07-22 13:05:43,186 : INFO : Test_regi : test_register : click GENGER Option.
2023-07-22 13:05:43,615 : INFO : Test_regi : test_register : Enter First_Name Option.
2023-07-22 13:05:43,738 : INFO : Test_regi : test_register : Enter Last_Name Option.
2023-07-22 13:05:43,916 : INFO : Test_regi : test_register : Select Date Option.
2023-07-22 13:05:44,167 : INFO : Test_regi : test_register : Select Month Option.
2023-07-22 13:05:44,362 : INFO : Test_regi : test_register : Select Year Option.
2023-07-22 13:05:44,557 : INFO : Test_regi : test_register : Enter Email Option.
2023-07-22 13:05:44,748 : INFO : Test_regi : test_register : Select Company_Name Option.
2023-07-22 13:05:44,823 : INFO : Test_regi : test_register : Enter Password Option.
2023-07-22 13:05:44,910 : INFO : Test_regi : test_register : Confirm_Password Option.
2023-07-22 13:05:44,995 : INFO : Test_regi : test_register : Click Register Button.
2023-07-22 13:05:45,975 : INFO : Test_regi : test_register : Successfull Registration complete, test_register Passed.
2023-07-22 13:06:08,018 : INFO : Test_regi : test_register : click REGISTER Option.
2023-07-22 13:06:08,551 : INFO : Test_regi : test_register : click GENGER Option.
2023-07-22 13:06:08,623 : INFO : Test_regi : test_register : Enter First_Name Option.
2023-07-22 13:06:08,682 : INFO : Test_regi : test_register : Enter Last_Name Option.
2023-07-22 13:06:08,735 : INFO : Test_regi : test_register : Select Date Option.
2023-07-22 13:06:08,797 : INFO : Test_regi : test_register : Select Month Option.
2023-07-22 13:06:08,846 : INFO : Test_regi : test_register : Select Year Option.
2023-07-22 13:06:08,907 : INFO : Test_regi : test_register : Enter Email Option.
2023-07-22 13:06:08,973 : INFO : Test_regi : test_register : Select Company_Name Option.
2023-07-22 13:06:09,029 : INFO : Test_regi : test_register : Enter Password Option.
2023-07-22 13:06:09,088 : INFO : Test_regi : test_register : Confirm_Password Option.
2023-07-22 13:06:09,143 : INFO : Test_regi : test_register : Click Register Button.
2023-07-22 13:06:09,588 : INFO : Test_regi : test_register : Successfull Registration complete, test_register Passed.
2023-07-22 13:06:22,595 : INFO : Test_regi : test_Correct_login_002 : click Login option
2023-07-22 13:06:26,888 : INFO : Test_regi : test_Correct_login_002 : Enter Email id.
2023-07-22 13:06:26,963 : INFO : Test_regi : test_Correct_login_002 : Enter password.
2023-07-22 13:06:27,024 : INFO : Test_regi : test_Correct_login_002 : Click 'Remember me' box.
2023-07-22 13:06:27,065 : INFO : Test_regi : test_Correct_login_002 : Click Login Button.
2023-07-22 13:06:27,900 : INFO : Test_regi : test_Correct_login_002 : Test 'test_Correct_login_002' completed
2023-07-22 13:09:59,801 : INFO : Test_LoginPage : test_params004 : Checking if login is successfull.
2023-07-22 13:09:59,806 : INFO : Test_LoginPage : test_params004 : Login Successful, Test Passed
2023-07-22 13:10:08,325 : INFO : Test_LoginPage : test_params004 : Checking if login is unsuccessful.
2023-07-22 13:10:21,018 : INFO : Test_LoginPage : test_params004 : Checking if login is unsuccessful.
2023-07-22 13:10:31,930 : INFO : Test_LoginPage : test_params004 : Checking if login is unsuccessful.
2023-07-22 13:36:31,785 : INFO : Test_LoginPage : test_params004 : Test 'test_params004' completed
2023-07-22 13:36:40,394 : INFO : Test_LoginPage : test_params004 : Test 'test_params004' completed
2023-07-22 13:36:49,366 : INFO : Test_LoginPage : test_params004 : Test 'test_params004' completed
2023-07-22 14:50:50,277 : INFO : Test_regi : test_register : click REGISTER Option.
2023-07-22 14:50:50,791 : INFO : Test_LoginPage : test_Correct_login_002 : click Login option
2023-07-22 14:50:51,494 : INFO : Test_LoginPage : test_correct_URL_001 : checking if URL is correct.
2023-07-22 14:50:51,511 : INFO : Test_LoginPage : test_correct_URL_001 : URL is correct, Test Passed.
2023-07-22 14:50:51,773 : INFO : Test_LoginPage : test_correct_URL_001 : Test 'test_correct_URL_001' completed
2023-07-22 14:50:51,857 : INFO : Test_regi : test_register : click GENGER Option.
2023-07-22 14:50:52,152 : INFO : Test_regi : test_register : Enter First_Name Option.
2023-07-22 14:50:52,245 : INFO : Test_regi : test_register : Enter Last_Name Option.
2023-07-22 14:50:52,327 : INFO : Test_regi : test_register : Select Date Option.
2023-07-22 14:50:52,450 : INFO : Test_regi : test_register : Select Month Option.
2023-07-22 14:50:52,536 : INFO : Test_regi : test_register : Select Year Option.
2023-07-22 14:50:52,581 : INFO : Test_regi : test_register : Enter Email Option.
2023-07-22 14:50:52,646 : INFO : Test_regi : test_register : Select Company_Name Option.
2023-07-22 14:50:52,705 : INFO : Test_regi : test_register : Enter Password Option.
2023-07-22 14:50:52,770 : INFO : Test_regi : test_register : Confirm_Password Option.
2023-07-22 14:50:52,828 : INFO : Test_regi : test_register : Click Register Button.
2023-07-22 14:50:53,650 : INFO : Test_regi : test_register : Successfull Registration complete, test_register Passed.
2023-07-22 14:50:54,503 : INFO : Test_LoginPage : test_Correct_login_002 : Enter Email id.
2023-07-22 14:50:54,575 : INFO : Test_LoginPage : test_Correct_login_002 : Enter password.
2023-07-22 14:50:54,632 : INFO : Test_LoginPage : test_Correct_login_002 : Click 'Remember me' box.
2023-07-22 14:50:54,673 : INFO : Test_LoginPage : test_Correct_login_002 : Click Login Button.
2023-07-22 14:50:55,474 : INFO : Test_LoginPage : test_Correct_login_002 : Test 'test_Correct_login_002' completed
2023-07-22 15:06:25,506 : INFO : Test_regi : test_register : click REGISTER Option.
2023-07-22 15:06:26,423 : INFO : Test_LoginPage : test_correct_URL_001 : checking if URL is correct.
2023-07-22 15:06:26,440 : INFO : Test_LoginPage : test_correct_URL_001 : URL is correct, Test Passed.
2023-07-22 15:06:26,973 : INFO : Test_LoginPage : test_correct_URL_001 : Test 'test_correct_URL_001' completed
2023-07-22 15:06:27,021 : INFO : Test_LoginPage : test_Correct_login_002 : click Login option
2023-07-22 15:06:27,219 : INFO : Test_regi : test_register : click GENGER Option.
2023-07-22 15:06:27,349 : INFO : Test_regi : test_register : Enter First_Name Option.
2023-07-22 15:06:27,433 : INFO : Test_regi : test_register : Enter Last_Name Option.
2023-07-22 15:06:27,522 : INFO : Test_regi : test_register : Select Date Option.
2023-07-22 15:06:27,658 : INFO : Test_regi : test_register : Select Month Option.
2023-07-22 15:06:27,743 : INFO : Test_regi : test_register : Select Year Option.
2023-07-22 15:06:27,798 : INFO : Test_regi : test_register : Enter Email Option.
2023-07-22 15:06:27,888 : INFO : Test_regi : test_register : Select Company_Name Option.
2023-07-22 15:06:27,945 : INFO : Test_regi : test_register : Enter Password Option.
2023-07-22 15:06:28,005 : INFO : Test_regi : test_register : Confirm_Password Option.
2023-07-22 15:06:28,054 : INFO : Test_regi : test_register : Click Register Button.
2023-07-22 15:06:28,497 : INFO : Test_regi : test_register : Successfull Registration complete, test_register Passed.
2023-07-22 15:06:30,730 : INFO : Test_LoginPage : test_Correct_login_002 : Enter Email id.
2023-07-22 15:06:30,791 : INFO : Test_LoginPage : test_Correct_login_002 : Enter password.
2023-07-22 15:06:30,851 : INFO : Test_LoginPage : test_Correct_login_002 : Click 'Remember me' box.
2023-07-22 15:06:30,894 : INFO : Test_LoginPage : test_Correct_login_002 : Click Login Button.
2023-07-22 15:06:31,690 : INFO : Test_LoginPage : test_Correct_login_002 : Test 'test_Correct_login_002' completed
2023-07-22 15:16:37,119 : INFO : Test_LoginPage : test_Correct_login_002 : click Login option
2023-07-22 15:16:37,227 : INFO : Test_regi : test_register : click REGISTER Option.
2023-07-22 15:16:37,396 : INFO : Test_LoginPage : test_correct_URL_001 : checking if URL is correct.
2023-07-22 15:16:37,406 : INFO : Test_LoginPage : test_correct_URL_001 : URL is correct, Test Passed.
2023-07-22 15:16:37,576 : INFO : Test_LoginPage : test_correct_URL_001 : Test 'test_correct_URL_001' completed
2023-07-22 15:16:38,107 : INFO : Test_regi : test_register : click GENGER Option.
2023-07-22 15:16:38,227 : INFO : Test_regi : test_register : Enter First_Name Option.
2023-07-22 15:16:38,316 : INFO : Test_regi : test_register : Enter Last_Name Option.
2023-07-22 15:16:38,363 : INFO : Test_regi : test_register : Select Date Option.
2023-07-22 15:16:38,434 : INFO : Test_regi : test_register : Select Month Option.
2023-07-22 15:16:38,491 : INFO : Test_regi : test_register : Select Year Option.
2023-07-22 15:16:38,549 : INFO : Test_regi : test_register : Enter Email Option.
2023-07-22 15:16:38,617 : INFO : Test_regi : test_register : Select Company_Name Option.
2023-07-22 15:16:38,685 : INFO : Test_regi : test_register : Enter Password Option.
2023-07-22 15:16:38,740 : INFO : Test_regi : test_register : Confirm_Password Option.
2023-07-22 15:16:38,787 : INFO : Test_regi : test_register : Click Register Button.
2023-07-22 15:16:39,660 : INFO : Test_regi : test_register : Successfull Registration complete, test_register Passed.
2023-07-22 15:16:40,895 : INFO : Test_LoginPage : test_Correct_login_002 : Enter Email id.
2023-07-22 15:16:40,959 : INFO : Test_LoginPage : test_Correct_login_002 : Enter password.
2023-07-22 15:16:41,013 : INFO : Test_LoginPage : test_Correct_login_002 : Click 'Remember me' box.
2023-07-22 15:16:41,052 : INFO : Test_LoginPage : test_Correct_login_002 : Click Login Button.
2023-07-22 15:16:41,903 : INFO : Test_LoginPage : test_Correct_login_002 : Test 'test_Correct_login_002' completed
2023-07-22 18:11:59,610 : INFO : Test_LoginPage : test_Correct_login_002 : click Login option
2023-07-22 18:11:59,623 : INFO : Test_LoginPage : test_correct_URL_001 : checking if URL is correct.
2023-07-22 18:11:59,644 : INFO : Test_LoginPage : test_correct_URL_001 : URL is correct, Test Passed.
2023-07-22 18:12:00,558 : INFO : Test_regi : test_register : click REGISTER Option.
2023-07-22 18:12:00,861 : INFO : Test_LoginPage : test_correct_URL_001 : Test 'test_correct_URL_001' completed
2023-07-22 18:12:02,021 : INFO : Test_regi : test_register : click GENGER Option.
2023-07-22 18:12:02,154 : INFO : Test_regi : test_register : Enter First_Name Option.
2023-07-22 18:12:02,327 : INFO : Test_regi : test_register : Enter Last_Name Option.
2023-07-22 18:12:02,517 : INFO : Test_regi : test_register : Select Date Option.
2023-07-22 18:12:02,740 : INFO : Test_regi : test_register : Select Month Option.
2023-07-22 18:12:02,920 : INFO : Test_regi : test_register : Select Year Option.
2023-07-22 18:12:03,113 : INFO : Test_regi : test_register : Enter Email Option.
2023-07-22 18:12:03,328 : INFO : Test_regi : test_register : Select Company_Name Option.
2023-07-22 18:12:03,461 : INFO : Test_regi : test_register : Enter Password Option.
2023-07-22 18:12:03,612 : INFO : Test_regi : test_register : Confirm_Password Option.
2023-07-22 18:12:03,802 : INFO : Test_regi : test_register : Click Register Button.
2023-07-22 18:12:04,378 : INFO : Test_LoginPage : test_Correct_login_002 : Enter Email id.
2023-07-22 18:12:04,628 : INFO : Test_LoginPage : test_Correct_login_002 : Enter password.
2023-07-22 18:12:04,880 : INFO : Test_LoginPage : test_Correct_login_002 : Click 'Remember me' box.
2023-07-22 18:12:04,980 : INFO : Test_regi : test_register : Successfull Registration complete, test_register Passed.
2023-07-22 18:12:04,998 : INFO : Test_LoginPage : test_Correct_login_002 : Click Login Button.
2023-07-22 18:12:06,090 : INFO : Test_LoginPage : test_Correct_login_002 : Test 'test_Correct_login_002' completed
2023-07-22 18:12:32,201 : INFO : Test_LoginPage : test_correct_URL_001 : checking if URL is correct.
2023-07-22 18:12:32,277 : INFO : Test_LoginPage : test_Correct_login_002 : click Login option
2023-07-22 18:12:32,303 : INFO : Test_LoginPage : test_correct_URL_001 : URL is correct, Test Passed.
2023-07-22 18:12:32,767 : INFO : Test_LoginPage : test_correct_URL_001 : Test 'test_correct_URL_001' completed
2023-07-22 18:12:33,058 : INFO : Test_regi : test_register : click REGISTER Option.
2023-07-22 18:12:34,517 : INFO : Test_regi : test_register : click GENGER Option.
2023-07-22 18:12:34,624 : INFO : Test_regi : test_register : Enter First_Name Option.
2023-07-22 18:12:34,809 : INFO : Test_regi : test_register : Enter Last_Name Option.
2023-07-22 18:12:34,934 : INFO : Test_regi : test_register : Select Date Option.
2023-07-22 18:12:35,085 : INFO : Test_regi : test_register : Select Month Option.
2023-07-22 18:12:35,285 : INFO : Test_regi : test_register : Select Year Option.
2023-07-22 18:12:35,484 : INFO : Test_regi : test_register : Enter Email Option.
2023-07-22 18:12:35,632 : INFO : Test_regi : test_register : Select Company_Name Option.
2023-07-22 18:12:35,727 : INFO : Test_regi : test_register : Enter Password Option.
2023-07-22 18:12:35,917 : INFO : Test_regi : test_register : Confirm_Password Option.
2023-07-22 18:12:36,144 : INFO : Test_regi : test_register : Click Register Button.
2023-07-22 18:12:36,747 : INFO : Test_regi : test_register : Successfull Registration complete, test_register Passed.
2023-07-22 18:12:36,926 : INFO : Test_LoginPage : test_Correct_login_002 : Enter Email id.
2023-07-22 18:12:37,080 : INFO : Test_LoginPage : test_Correct_login_002 : Enter password.
2023-07-22 18:12:37,191 : INFO : Test_LoginPage : test_Correct_login_002 : Click 'Remember me' box.
2023-07-22 18:12:37,272 : INFO : Test_LoginPage : test_Correct_login_002 : Click Login Button.
2023-07-22 18:12:38,167 : INFO : Test_LoginPage : test_Correct_login_002 : Test 'test_Correct_login_002' completed
2023-07-22 18:40:38,562 : INFO : Test_LoginPage : test_correct_URL_001 : checking if URL is correct.
2023-07-22 18:40:38,648 : INFO : Test_LoginPage : test_correct_URL_001 : URL is correct, Test Passed.
2023-07-22 18:40:38,873 : INFO : Test_LoginPage : test_Correct_login_002 : click Login option
2023-07-22 18:40:38,882 : INFO : Test_regi : test_register : click REGISTER Option.
2023-07-22 18:40:39,649 : INFO : Test_LoginPage : test_correct_URL_001 : Test 'test_correct_URL_001' completed
2023-07-22 18:40:40,773 : INFO : Test_regi : test_register : click GENGER Option.
2023-07-22 18:40:40,952 : INFO : Test_regi : test_register : Enter First_Name Option.
2023-07-22 18:40:41,158 : INFO : Test_regi : test_register : Enter Last_Name Option.
2023-07-22 18:40:41,321 : INFO : Test_regi : test_register : Select Date Option.
2023-07-22 18:40:41,488 : INFO : Test_regi : test_register : Select Month Option.
2023-07-22 18:40:41,615 : INFO : Test_regi : test_register : Select Year Option.
2023-07-22 18:40:41,762 : INFO : Test_regi : test_register : Enter Email Option.
2023-07-22 18:40:42,019 : INFO : Test_regi : test_register : Select Company_Name Option.
2023-07-22 18:40:42,137 : INFO : Test_regi : test_register : Enter Password Option.
2023-07-22 18:40:42,261 : INFO : Test_regi : test_register : Confirm_Password Option.
2023-07-22 18:40:42,376 : INFO : Test_regi : test_register : Click Register Button.
2023-07-22 18:40:42,988 : INFO : Test_regi : test_register : Successfull Registration complete, test_register Passed.
2023-07-22 18:40:43,772 : INFO : Test_LoginPage : test_Correct_login_002 : Enter Email id.
2023-07-22 18:40:43,969 : INFO : Test_LoginPage : test_Correct_login_002 : Enter password.
2023-07-22 18:40:44,108 : INFO : Test_LoginPage : test_Correct_login_002 : Click 'Remember me' box.
2023-07-22 18:40:44,264 : INFO : Test_LoginPage : test_Correct_login_002 : Click Login Button.
2023-07-22 18:40:45,437 : INFO : Test_LoginPage : test_Correct_login_002 : Test 'test_Correct_login_002' completed
